<?xml version="1.0" encoding="UTF-8"?>
<testng-results skipped="0" failed="0" total="1" passed="1">
  <reporter-output>
  </reporter-output>
  <suite name="konnectSuite" duration-ms="44476" started-at="2020-02-18T12:19:25Z" finished-at="2020-02-18T12:20:09Z">
    <groups>
    </groups>
    <test name="TestLogin" duration-ms="44476" started-at="2020-02-18T12:19:25Z" finished-at="2020-02-18T12:20:09Z">
      <class name="com.konnectco.login.Login">
        <test-method status="PASS" signature="kLogin()[pri:0, instance:com.konnectco.login.Login@4d1b0d2a]" name="kLogin" duration-ms="44469" started-at="2020-02-18T17:49:25Z" finished-at="2020-02-18T17:50:09Z">
          <reporter-output>
          </reporter-output>
        </test-method> <!-- kLogin -->
      </class> <!-- com.konnectco.login.Login -->
    </test> <!-- TestLogin -->
  </suite> <!-- konnectSuite -->
</testng-results>
